2019-12-31 00:18:01.723  INFO 79660 --- [main] c.e.c.CircuitBreakerBookstoreApplication : Starting CircuitBreakerBookstoreApplication on HYDPCM283953L with PID 79660 (D:\WorkSpace2\book\target\classes started by Venkata.Nandam in D:\WorkSpace2\book)
2019-12-31 00:18:01.738  INFO 79660 --- [main] c.e.c.CircuitBreakerBookstoreApplication : No active profile set, falling back to default profiles: default
2019-12-31 00:18:03.627  INFO 79660 --- [main] o.s.b.w.embedded.tomcat.TomcatWebServer  : Tomcat initialized with port(s): 8090 (http)
2019-12-31 00:18:03.640  INFO 79660 --- [main] o.apache.catalina.core.StandardService   : Starting service [Tomcat]
2019-12-31 00:18:03.640  INFO 79660 --- [main] org.apache.catalina.core.StandardEngine  : Starting Servlet engine: [Apache Tomcat/9.0.29]
2019-12-31 00:18:03.812  INFO 79660 --- [main] o.a.c.c.C.[Tomcat].[localhost].[/]       : Initializing Spring embedded WebApplicationContext
2019-12-31 00:18:03.813  INFO 79660 --- [main] o.s.web.context.ContextLoader            : Root WebApplicationContext: initialization completed in 1960 ms
2019-12-31 00:18:04.075  INFO 79660 --- [main] o.s.s.concurrent.ThreadPoolTaskExecutor  : Initializing ExecutorService 'applicationTaskExecutor'
2019-12-31 00:18:04.328  INFO 79660 --- [main] o.s.b.w.embedded.tomcat.TomcatWebServer  : Tomcat started on port(s): 8090 (http) with context path ''
2019-12-31 00:18:04.332  INFO 79660 --- [main] c.e.c.CircuitBreakerBookstoreApplication : Started CircuitBreakerBookstoreApplication in 3.266 seconds (JVM running for 3.838)
2019-12-31 00:18:39.588  INFO 79660 --- [http-nio-8090-exec-1] o.a.c.c.C.[Tomcat].[localhost].[/]       : Initializing Spring DispatcherServlet 'dispatcherServlet'
2019-12-31 00:18:39.589  INFO 79660 --- [http-nio-8090-exec-1] o.s.web.servlet.DispatcherServlet        : Initializing Servlet 'dispatcherServlet'
2019-12-31 00:18:39.598  INFO 79660 --- [http-nio-8090-exec-1] o.s.web.servlet.DispatcherServlet        : Completed initialization in 9 ms
2019-12-31 00:27:58.373  INFO 83752 --- [main] c.e.c.CircuitBreakerBookstoreApplication : Starting CircuitBreakerBookstoreApplication on HYDPCM283953L with PID 83752 (D:\WorkSpace2\book\target\classes started by Venkata.Nandam in D:\WorkSpace2\book)
2019-12-31 00:27:58.380  INFO 83752 --- [main] c.e.c.CircuitBreakerBookstoreApplication : No active profile set, falling back to default profiles: default
2019-12-31 00:28:00.326  INFO 83752 --- [main] o.s.b.w.embedded.tomcat.TomcatWebServer  : Tomcat initialized with port(s): 8090 (http)
2019-12-31 00:28:00.336  INFO 83752 --- [main] o.apache.catalina.core.StandardService   : Starting service [Tomcat]
2019-12-31 00:28:00.336  INFO 83752 --- [main] org.apache.catalina.core.StandardEngine  : Starting Servlet engine: [Apache Tomcat/9.0.29]
2019-12-31 00:28:00.492  INFO 83752 --- [main] o.a.c.c.C.[Tomcat].[localhost].[/]       : Initializing Spring embedded WebApplicationContext
2019-12-31 00:28:00.492  INFO 83752 --- [main] o.s.web.context.ContextLoader            : Root WebApplicationContext: initialization completed in 1993 ms
2019-12-31 00:28:00.766  INFO 83752 --- [main] o.s.s.concurrent.ThreadPoolTaskExecutor  : Initializing ExecutorService 'applicationTaskExecutor'
2019-12-31 00:28:01.030  INFO 83752 --- [main] o.s.b.w.embedded.tomcat.TomcatWebServer  : Tomcat started on port(s): 8090 (http) with context path ''
2019-12-31 00:28:01.033  INFO 83752 --- [main] c.e.c.CircuitBreakerBookstoreApplication : Started CircuitBreakerBookstoreApplication in 3.332 seconds (JVM running for 3.943)
2019-12-31 00:30:33.679  INFO 83752 --- [http-nio-8090-exec-1] o.a.c.c.C.[Tomcat].[localhost].[/]       : Initializing Spring DispatcherServlet 'dispatcherServlet'
2019-12-31 00:30:33.680  INFO 83752 --- [http-nio-8090-exec-1] o.s.web.servlet.DispatcherServlet        : Initializing Servlet 'dispatcherServlet'
2019-12-31 00:30:33.691  INFO 83752 --- [http-nio-8090-exec-1] o.s.web.servlet.DispatcherServlet        : Completed initialization in 11 ms
